<?xml version='1.0'?>
<ns2:test-suite xmlns:ns2='urn:model.allure.qatools.yandex.ru' start='1575934760420' stop='1575934766554'>
    <name>Validate Contact Us Page functionality</name>
    <title>Validate Contact Us Page functionality</title>
    <test-cases>
        <test-case start='1575934760420' status='broken' stop='1575934766259'>
            <name>Test 1 . Welcome message is displayed if the user fills up all the information &amp; press Submit</name>
            <title>Test 1 . Welcome message is displayed if the user fills up all the information &amp; press Submit</title>
            <labels>
                <label name='language' value='javascript'/>
                <label name='framework' value='wdio'/>
                <label name='thread' value='0-0'/>
            </labels>
            <parameters>
                <parameter kind='argument' name='browser' value='chrome-78.0.3904.108'/>
            </parameters>
            <steps>
                <step start='1575934760429' status='passed' stop='1575934762030'>
                    <name>POST /session/:sessionId/url</name>
                    <title>POST /session/:sessionId/url</title>
                    <attachments>
                        <attachment title='Request' source='3f0d198e-5696-4907-9989-9ecec837d8b7-attachment.json' type='application/json' size='75'/>
                    </attachments>
                    <steps/>
                </step>
                <step start='1575934762030' status='passed' stop='1575934766240'>
                    <name>POST /session/:sessionId/window/current/maximize</name>
                    <title>POST /session/:sessionId/window/current/maximize</title>
                    <attachments/>
                    <steps/>
                </step>
                <step start='1575934766251' status='broken' stop='1575934766259'>
                    <name>POST /session/:sessionId/element</name>
                    <title>POST /session/:sessionId/element</title>
                    <attachments>
                        <attachment title='Request' source='97a7ad10-971c-4e7a-9f86-bf3a69540c31-attachment.json' type='application/json' size='66'/>
                    </attachments>
                    <steps/>
                </step>
            </steps>
            <attachments/>
            <failure>
                <message>this.firstName.setValue is not a function</message>
                <stack-trace>TypeError: this.firstName.setValue is not a function
                    at ContactUs_Page.submitAllInformationForContactUs (C:\Users\Admin\Documents\WebDriverUniversityWDIOV5\pageObjects\ContactUs_Page.js:52:28)
                    at Context.it (C:\Users\Admin\Documents\WebDriverUniversityWDIOV5\tests\contactUsTest.js:17:23)
                    at Context.executeAsync (C:\Users\Admin\Documents\WebDriverUniversityWDIOV5\node_modules\@wdio\utils\build\shim.js:123:21)
                    at Context.testFrameworkFnWrapper (C:\Users\Admin\Documents\WebDriverUniversityWDIOV5\node_modules\@wdio\utils\build\test-framework\testFnWrapper.js:55:28)
                    at &lt;anonymous></stack-trace>
            </failure>
        </test-case>
        <test-case start='1575934766259' status='broken' stop='1575934766550'>
            <name>Test 2. An error message is being displayed if information is missing</name>
            <title>Test 2. An error message is being displayed if information is missing</title>
            <labels>
                <label name='language' value='javascript'/>
                <label name='framework' value='wdio'/>
                <label name='thread' value='0-0'/>
            </labels>
            <parameters>
                <parameter kind='argument' name='browser' value='chrome-78.0.3904.108'/>
            </parameters>
            <steps>
                <step start='1575934766259' status='passed' stop='1575934766306'>
                    <name>POST /session/:sessionId/url</name>
                    <title>POST /session/:sessionId/url</title>
                    <attachments>
                        <attachment title='Request' source='2ea90984-8ed8-41a2-937a-03ee53a64ca1-attachment.json' type='application/json' size='75'/>
                        <attachment title='Response' source='5d9778fe-ad53-4daf-8c53-37f1cf10f170-attachment.json' type='application/json' size='40'/>
                    </attachments>
                    <steps/>
                </step>
                <step start='1575934766520' status='passed' stop='1575934766542'>
                    <name>POST /session/:sessionId/window/current/maximize</name>
                    <title>POST /session/:sessionId/window/current/maximize</title>
                    <attachments/>
                    <steps/>
                </step>
                <step start='1575934766545' status='broken' stop='1575934766550'>
                    <name>POST /session/:sessionId/element</name>
                    <title>POST /session/:sessionId/element</title>
                    <attachments>
                        <attachment title='Request' source='69be5e8f-57f0-4f85-8e05-6c65d69f081d-attachment.json' type='application/json' size='66'/>
                    </attachments>
                    <steps/>
                </step>
            </steps>
            <attachments/>
            <failure>
                <message>this.firstName.setValue is not a function</message>
                <stack-trace>TypeError: this.firstName.setValue is not a function
                    at ContactUs_Page.setFirstName (C:\Users\Admin\Documents\WebDriverUniversityWDIOV5\pageObjects\ContactUs_Page.js:31:31)
                    at Context.it (C:\Users\Admin\Documents\WebDriverUniversityWDIOV5\tests\contactUsTest.js:24:23)
                    at Context.executeAsync (C:\Users\Admin\Documents\WebDriverUniversityWDIOV5\node_modules\@wdio\utils\build\shim.js:123:21)
                    at Context.testFrameworkFnWrapper (C:\Users\Admin\Documents\WebDriverUniversityWDIOV5\node_modules\@wdio\utils\build\test-framework\testFnWrapper.js:55:28)
                    at &lt;anonymous></stack-trace>
            </failure>
        </test-case>
    </test-cases>
</ns2:test-suite>